2022-04-22 07:56:01,755 [Worker-6: Loading available Gradle versions] INFO  o.e.b.c.i.u.g.PublishedGradleVersions - Gradle version information cache is up-to-date. Trying to read.
2022-04-22 07:57:26,842 [Worker-1: Updating Maven Dependencies] INFO  o.e.m.c.i.l.LifecycleMappingFactory - Using org.eclipse.m2e.jdt.JarLifecycleMapping lifecycle mapping for MavenProject: dh-dev-helper:dh-dev-helper:0.0.1-SNAPSHOT @ C:\Users\fce458\Documents\Apps\SVI\eclipse-workspace\dh\dh-dev-helper\pom.xml.
2022-04-22 07:57:26,842 [Worker-5: Building] INFO  o.e.m.c.i.l.LifecycleMappingFactory - Using org.eclipse.m2e.jdt.JarLifecycleMapping lifecycle mapping for MavenProject: dh-dev-helper:dh-dev-helper:0.0.1-SNAPSHOT @ C:\Users\fce458\Documents\Apps\SVI\eclipse-workspace\dh\dh-dev-helper\pom.xml.
2022-04-22 07:57:29,103 [Worker-5: Building] WARN  o.e.m.c.i.embedder.EclipseLogger - Using platform encoding (Cp1252 actually) to copy filtered resources, i.e. build is platform dependent!
2022-04-22 07:57:29,111 [Worker-5: Building] INFO  o.e.m.c.i.embedder.EclipseLogger - skip non existing resourceDirectory C:\Users\fce458\Documents\Apps\SVI\eclipse-workspace\dh\dh-dev-helper\src\main\resources
2022-04-22 07:57:29,115 [Worker-5: Building] WARN  o.e.m.c.i.embedder.EclipseLogger - Using platform encoding (Cp1252 actually) to copy filtered resources, i.e. build is platform dependent!
2022-04-22 07:57:29,122 [Worker-5: Building] INFO  o.e.m.c.i.embedder.EclipseLogger - skip non existing resourceDirectory C:\Users\fce458\Documents\Apps\SVI\eclipse-workspace\dh\dh-dev-helper\src\test\resources
2022-04-22 07:57:31,243 [Worker-5: Updating Maven Dependencies] INFO  o.e.m.c.i.l.LifecycleMappingFactory - Using org.eclipse.m2e.jdt.JarLifecycleMapping lifecycle mapping for MavenProject: dh-dev-helper:dh-dev-helper:0.0.1-SNAPSHOT @ C:\Users\fce458\Documents\Apps\SVI\eclipse-workspace\dh\dh-dev-helper\pom.xml.
2022-04-22 07:57:31,256 [Worker-9: Building] WARN  o.e.m.c.i.embedder.EclipseLogger - Using platform encoding (Cp1252 actually) to copy filtered resources, i.e. build is platform dependent!
2022-04-22 07:57:31,265 [Worker-9: Building] INFO  o.e.m.c.i.embedder.EclipseLogger - skip non existing resourceDirectory C:\Users\fce458\Documents\Apps\SVI\eclipse-workspace\dh\dh-dev-helper\src\main\resources
2022-04-22 07:57:31,269 [Worker-9: Building] WARN  o.e.m.c.i.embedder.EclipseLogger - Using platform encoding (Cp1252 actually) to copy filtered resources, i.e. build is platform dependent!
2022-04-22 07:57:31,277 [Worker-9: Building] INFO  o.e.m.c.i.embedder.EclipseLogger - skip non existing resourceDirectory C:\Users\fce458\Documents\Apps\SVI\eclipse-workspace\dh\dh-dev-helper\src\test\resources
2022-04-22 07:57:32,335 [Worker-3: Building] WARN  o.e.m.c.i.embedder.EclipseLogger - Using platform encoding (Cp1252 actually) to copy filtered resources, i.e. build is platform dependent!
2022-04-22 07:57:32,341 [Worker-3: Building] INFO  o.e.m.c.i.embedder.EclipseLogger - skip non existing resourceDirectory C:\Users\fce458\Documents\Apps\SVI\eclipse-workspace\dh\dh-dev-helper\src\main\resources
2022-04-22 07:57:32,344 [Worker-3: Building] WARN  o.e.m.c.i.embedder.EclipseLogger - Using platform encoding (Cp1252 actually) to copy filtered resources, i.e. build is platform dependent!
2022-04-22 07:57:32,352 [Worker-3: Building] INFO  o.e.m.c.i.embedder.EclipseLogger - skip non existing resourceDirectory C:\Users\fce458\Documents\Apps\SVI\eclipse-workspace\dh\dh-dev-helper\src\test\resources
2022-04-22 07:58:05,058 [Worker-11: Building] WARN  o.e.m.c.i.embedder.EclipseLogger - Using platform encoding (Cp1252 actually) to copy filtered resources, i.e. build is platform dependent!
2022-04-22 07:58:05,066 [Worker-11: Building] INFO  o.e.m.c.i.embedder.EclipseLogger - skip non existing resourceDirectory C:\Users\fce458\Documents\Apps\SVI\eclipse-workspace\dh\dh-dev-helper\src\main\resources
2022-04-22 07:58:05,068 [Worker-11: Building] WARN  o.e.m.c.i.embedder.EclipseLogger - Using platform encoding (Cp1252 actually) to copy filtered resources, i.e. build is platform dependent!
2022-04-22 07:58:05,076 [Worker-11: Building] INFO  o.e.m.c.i.embedder.EclipseLogger - skip non existing resourceDirectory C:\Users\fce458\Documents\Apps\SVI\eclipse-workspace\dh\dh-dev-helper\src\test\resources
2022-04-22 07:59:48,034 [Worker-11: Launching FrmMain] WARN  o.e.m.c.i.embedder.EclipseLogger - Using platform encoding (Cp1252 actually) to copy filtered resources, i.e. build is platform dependent!
2022-04-22 07:59:48,041 [Worker-11: Launching FrmMain] INFO  o.e.m.c.i.embedder.EclipseLogger - skip non existing resourceDirectory C:\Users\fce458\Documents\Apps\SVI\eclipse-workspace\dh\dh-dev-helper\src\main\resources
2022-04-22 07:59:48,044 [Worker-11: Launching FrmMain] WARN  o.e.m.c.i.embedder.EclipseLogger - Using platform encoding (Cp1252 actually) to copy filtered resources, i.e. build is platform dependent!
2022-04-22 07:59:48,050 [Worker-11: Launching FrmMain] INFO  o.e.m.c.i.embedder.EclipseLogger - skip non existing resourceDirectory C:\Users\fce458\Documents\Apps\SVI\eclipse-workspace\dh\dh-dev-helper\src\test\resources
2022-04-22 08:00:45,430 [Worker-1: Launching FrmMain] WARN  o.e.m.c.i.embedder.EclipseLogger - Using platform encoding (Cp1252 actually) to copy filtered resources, i.e. build is platform dependent!
2022-04-22 08:00:45,440 [Worker-1: Launching FrmMain] INFO  o.e.m.c.i.embedder.EclipseLogger - skip non existing resourceDirectory C:\Users\fce458\Documents\Apps\SVI\eclipse-workspace\dh\dh-dev-helper\src\main\resources
2022-04-22 08:00:45,442 [Worker-1: Launching FrmMain] WARN  o.e.m.c.i.embedder.EclipseLogger - Using platform encoding (Cp1252 actually) to copy filtered resources, i.e. build is platform dependent!
2022-04-22 08:00:45,449 [Worker-1: Launching FrmMain] INFO  o.e.m.c.i.embedder.EclipseLogger - skip non existing resourceDirectory C:\Users\fce458\Documents\Apps\SVI\eclipse-workspace\dh\dh-dev-helper\src\test\resources
2022-04-22 08:01:58,625 [Worker-7: Building] WARN  o.e.m.c.i.embedder.EclipseLogger - Using platform encoding (Cp1252 actually) to copy filtered resources, i.e. build is platform dependent!
2022-04-22 08:01:58,632 [Worker-7: Building] INFO  o.e.m.c.i.embedder.EclipseLogger - skip non existing resourceDirectory C:\Users\fce458\Documents\Apps\SVI\eclipse-workspace\dh\dh-dev-helper\src\main\resources
2022-04-22 08:01:58,633 [Worker-7: Building] WARN  o.e.m.c.i.embedder.EclipseLogger - Using platform encoding (Cp1252 actually) to copy filtered resources, i.e. build is platform dependent!
2022-04-22 08:01:58,640 [Worker-7: Building] INFO  o.e.m.c.i.embedder.EclipseLogger - skip non existing resourceDirectory C:\Users\fce458\Documents\Apps\SVI\eclipse-workspace\dh\dh-dev-helper\src\test\resources
2022-04-22 08:03:21,396 [Worker-9: Building] WARN  o.e.m.c.i.embedder.EclipseLogger - Using platform encoding (Cp1252 actually) to copy filtered resources, i.e. build is platform dependent!
2022-04-22 08:03:21,401 [Worker-9: Building] INFO  o.e.m.c.i.embedder.EclipseLogger - skip non existing resourceDirectory C:\Users\fce458\Documents\Apps\SVI\eclipse-workspace\dh\dh-dev-helper\src\main\resources
2022-04-22 08:03:21,404 [Worker-9: Building] WARN  o.e.m.c.i.embedder.EclipseLogger - Using platform encoding (Cp1252 actually) to copy filtered resources, i.e. build is platform dependent!
2022-04-22 08:03:21,408 [Worker-9: Building] INFO  o.e.m.c.i.embedder.EclipseLogger - skip non existing resourceDirectory C:\Users\fce458\Documents\Apps\SVI\eclipse-workspace\dh\dh-dev-helper\src\test\resources
2022-04-22 08:05:31,420 [Worker-5: Building] WARN  o.e.m.c.i.embedder.EclipseLogger - Using platform encoding (Cp1252 actually) to copy filtered resources, i.e. build is platform dependent!
2022-04-22 08:05:31,426 [Worker-5: Building] INFO  o.e.m.c.i.embedder.EclipseLogger - skip non existing resourceDirectory C:\Users\fce458\Documents\Apps\SVI\eclipse-workspace\dh\dh-dev-helper\src\main\resources
2022-04-22 08:05:31,427 [Worker-5: Building] WARN  o.e.m.c.i.embedder.EclipseLogger - Using platform encoding (Cp1252 actually) to copy filtered resources, i.e. build is platform dependent!
2022-04-22 08:05:31,432 [Worker-5: Building] INFO  o.e.m.c.i.embedder.EclipseLogger - skip non existing resourceDirectory C:\Users\fce458\Documents\Apps\SVI\eclipse-workspace\dh\dh-dev-helper\src\test\resources
2022-04-22 08:05:37,581 [Worker-5: Building] WARN  o.e.m.c.i.embedder.EclipseLogger - Using platform encoding (Cp1252 actually) to copy filtered resources, i.e. build is platform dependent!
2022-04-22 08:05:37,589 [Worker-5: Building] INFO  o.e.m.c.i.embedder.EclipseLogger - skip non existing resourceDirectory C:\Users\fce458\Documents\Apps\SVI\eclipse-workspace\dh\dh-dev-helper\src\main\resources
2022-04-22 08:05:37,591 [Worker-5: Building] WARN  o.e.m.c.i.embedder.EclipseLogger - Using platform encoding (Cp1252 actually) to copy filtered resources, i.e. build is platform dependent!
2022-04-22 08:05:37,599 [Worker-5: Building] INFO  o.e.m.c.i.embedder.EclipseLogger - skip non existing resourceDirectory C:\Users\fce458\Documents\Apps\SVI\eclipse-workspace\dh\dh-dev-helper\src\test\resources
2022-04-22 08:06:40,833 [Worker-21: Building] WARN  o.e.m.c.i.embedder.EclipseLogger - Using platform encoding (Cp1252 actually) to copy filtered resources, i.e. build is platform dependent!
2022-04-22 08:06:40,838 [Worker-21: Building] INFO  o.e.m.c.i.embedder.EclipseLogger - skip non existing resourceDirectory C:\Users\fce458\Documents\Apps\SVI\eclipse-workspace\dh\dh-dev-helper\src\main\resources
2022-04-22 08:06:40,840 [Worker-21: Building] WARN  o.e.m.c.i.embedder.EclipseLogger - Using platform encoding (Cp1252 actually) to copy filtered resources, i.e. build is platform dependent!
2022-04-22 08:06:40,847 [Worker-21: Building] INFO  o.e.m.c.i.embedder.EclipseLogger - skip non existing resourceDirectory C:\Users\fce458\Documents\Apps\SVI\eclipse-workspace\dh\dh-dev-helper\src\test\resources
2022-04-22 08:08:09,758 [Worker-4: Loading available Gradle versions] INFO  o.e.b.c.i.u.g.PublishedGradleVersions - Gradle version information cache is up-to-date. Trying to read.
2022-04-26 16:27:39,499 [Worker-4: Loading available Gradle versions] INFO  o.e.b.c.i.u.g.PublishedGradleVersions - Gradle version information cache is up-to-date. Trying to read.
2022-04-26 16:27:47,091 [Worker-1: Updating Maven Dependencies] INFO  o.e.m.c.i.l.LifecycleMappingFactory - Using org.eclipse.m2e.jdt.JarLifecycleMapping lifecycle mapping for MavenProject: dh-dev-helper:dh-dev-helper:0.0.1-SNAPSHOT @ C:\Users\fce458\Documents\Apps\SVI\eclipse-workspace\dh\dh-dev-helper\pom.xml.
2022-04-26 16:27:47,091 [Worker-0: Building] INFO  o.e.m.c.i.l.LifecycleMappingFactory - Using org.eclipse.m2e.jdt.JarLifecycleMapping lifecycle mapping for MavenProject: dh-dev-helper:dh-dev-helper:0.0.1-SNAPSHOT @ C:\Users\fce458\Documents\Apps\SVI\eclipse-workspace\dh\dh-dev-helper\pom.xml.
2022-04-26 16:27:48,296 [Worker-0: Building] WARN  o.e.m.c.i.embedder.EclipseLogger - Using platform encoding (Cp1252 actually) to copy filtered resources, i.e. build is platform dependent!
2022-04-26 16:27:48,311 [Worker-0: Building] INFO  o.e.m.c.i.embedder.EclipseLogger - skip non existing resourceDirectory C:\Users\fce458\Documents\Apps\SVI\eclipse-workspace\dh\dh-dev-helper\src\main\resources
2022-04-26 16:27:48,316 [Worker-0: Building] WARN  o.e.m.c.i.embedder.EclipseLogger - Using platform encoding (Cp1252 actually) to copy filtered resources, i.e. build is platform dependent!
2022-04-26 16:27:48,332 [Worker-0: Building] INFO  o.e.m.c.i.embedder.EclipseLogger - skip non existing resourceDirectory C:\Users\fce458\Documents\Apps\SVI\eclipse-workspace\dh\dh-dev-helper\src\test\resources
2022-04-26 16:27:50,580 [Worker-8: Updating Maven Dependencies] INFO  o.e.m.c.i.l.LifecycleMappingFactory - Using org.eclipse.m2e.jdt.JarLifecycleMapping lifecycle mapping for MavenProject: dh-dev-helper:dh-dev-helper:0.0.1-SNAPSHOT @ C:\Users\fce458\Documents\Apps\SVI\eclipse-workspace\dh\dh-dev-helper\pom.xml.
2022-04-26 16:27:51,917 [Worker-1: Building] WARN  o.e.m.c.i.embedder.EclipseLogger - Using platform encoding (Cp1252 actually) to copy filtered resources, i.e. build is platform dependent!
2022-04-26 16:27:51,935 [Worker-1: Building] INFO  o.e.m.c.i.embedder.EclipseLogger - skip non existing resourceDirectory C:\Users\fce458\Documents\Apps\SVI\eclipse-workspace\dh\dh-dev-helper\src\main\resources
2022-04-26 16:27:51,941 [Worker-1: Building] WARN  o.e.m.c.i.embedder.EclipseLogger - Using platform encoding (Cp1252 actually) to copy filtered resources, i.e. build is platform dependent!
2022-04-26 16:27:51,957 [Worker-1: Building] INFO  o.e.m.c.i.embedder.EclipseLogger - skip non existing resourceDirectory C:\Users\fce458\Documents\Apps\SVI\eclipse-workspace\dh\dh-dev-helper\src\test\resources
2022-04-26 16:29:33,375 [Worker-19: Launching FrmMain] WARN  o.e.m.c.i.embedder.EclipseLogger - Using platform encoding (Cp1252 actually) to copy filtered resources, i.e. build is platform dependent!
2022-04-26 16:29:33,382 [Worker-19: Launching FrmMain] INFO  o.e.m.c.i.embedder.EclipseLogger - skip non existing resourceDirectory C:\Users\fce458\Documents\Apps\SVI\eclipse-workspace\dh\dh-dev-helper\src\main\resources
2022-04-26 16:29:33,384 [Worker-19: Launching FrmMain] WARN  o.e.m.c.i.embedder.EclipseLogger - Using platform encoding (Cp1252 actually) to copy filtered resources, i.e. build is platform dependent!
2022-04-26 16:29:33,391 [Worker-19: Launching FrmMain] INFO  o.e.m.c.i.embedder.EclipseLogger - skip non existing resourceDirectory C:\Users\fce458\Documents\Apps\SVI\eclipse-workspace\dh\dh-dev-helper\src\test\resources
2022-04-26 16:29:43,944 [Worker-12: Building] WARN  o.e.m.c.i.embedder.EclipseLogger - Using platform encoding (Cp1252 actually) to copy filtered resources, i.e. build is platform dependent!
2022-04-26 16:29:43,960 [Worker-12: Building] INFO  o.e.m.c.i.embedder.EclipseLogger - skip non existing resourceDirectory C:\Users\fce458\Documents\Apps\SVI\eclipse-workspace\dh\dh-dev-helper\src\main\resources
2022-04-26 16:29:43,961 [Worker-12: Building] WARN  o.e.m.c.i.embedder.EclipseLogger - Using platform encoding (Cp1252 actually) to copy filtered resources, i.e. build is platform dependent!
2022-04-26 16:29:43,978 [Worker-12: Building] INFO  o.e.m.c.i.embedder.EclipseLogger - skip non existing resourceDirectory C:\Users\fce458\Documents\Apps\SVI\eclipse-workspace\dh\dh-dev-helper\src\test\resources
2022-04-26 16:31:58,388 [Worker-5: Loading available Gradle versions] INFO  o.e.b.c.i.u.g.PublishedGradleVersions - Gradle version information cache is up-to-date. Trying to read.
2022-04-26 16:35:32,708 [Worker-0: Loading available Gradle versions] INFO  o.e.b.c.i.u.g.PublishedGradleVersions - Gradle version information cache is up-to-date. Trying to read.
2022-04-26 16:37:41,613 [Worker-1: Loading available Gradle versions] INFO  o.e.b.c.i.u.g.PublishedGradleVersions - Gradle version information cache is up-to-date. Trying to read.
2022-04-27 09:18:55,647 [Worker-6: Loading available Gradle versions] INFO  o.e.b.c.i.u.g.PublishedGradleVersions - Gradle version information cache is up-to-date. Trying to read.
2022-04-27 09:21:13,904 [Worker-23: Building] INFO  o.e.m.c.i.l.LifecycleMappingFactory - Using org.eclipse.m2e.jdt.JarLifecycleMapping lifecycle mapping for MavenProject: dh-dev-helper:dh-dev-helper:0.0.1-SNAPSHOT @ C:\Users\fce458\Documents\Apps\SVI\eclipse-workspace\dh\dh-dev-helper\pom.xml.
2022-04-27 09:21:15,220 [Worker-23: Building] WARN  o.e.m.c.i.embedder.EclipseLogger - Using platform encoding (Cp1252 actually) to copy filtered resources, i.e. build is platform dependent!
2022-04-27 09:21:15,237 [Worker-23: Building] INFO  o.e.m.c.i.embedder.EclipseLogger - skip non existing resourceDirectory C:\Users\fce458\Documents\Apps\SVI\eclipse-workspace\dh\dh-dev-helper\src\main\resources
2022-04-27 09:21:15,241 [Worker-23: Building] WARN  o.e.m.c.i.embedder.EclipseLogger - Using platform encoding (Cp1252 actually) to copy filtered resources, i.e. build is platform dependent!
2022-04-27 09:21:15,259 [Worker-23: Building] INFO  o.e.m.c.i.embedder.EclipseLogger - skip non existing resourceDirectory C:\Users\fce458\Documents\Apps\SVI\eclipse-workspace\dh\dh-dev-helper\src\test\resources
2022-04-27 09:21:16,879 [Worker-12: Building] WARN  o.e.m.c.i.embedder.EclipseLogger - Using platform encoding (Cp1252 actually) to copy filtered resources, i.e. build is platform dependent!
2022-04-27 09:21:16,898 [Worker-12: Building] INFO  o.e.m.c.i.embedder.EclipseLogger - skip non existing resourceDirectory C:\Users\fce458\Documents\Apps\SVI\eclipse-workspace\dh\dh-dev-helper\src\main\resources
2022-04-27 09:21:16,901 [Worker-12: Building] WARN  o.e.m.c.i.embedder.EclipseLogger - Using platform encoding (Cp1252 actually) to copy filtered resources, i.e. build is platform dependent!
2022-04-27 09:21:16,924 [Worker-12: Building] INFO  o.e.m.c.i.embedder.EclipseLogger - skip non existing resourceDirectory C:\Users\fce458\Documents\Apps\SVI\eclipse-workspace\dh\dh-dev-helper\src\test\resources
2022-04-27 09:25:12,078 [Worker-0: Loading available Gradle versions] INFO  o.e.b.c.i.u.g.PublishedGradleVersions - Gradle version information cache is up-to-date. Trying to read.
2022-04-27 09:31:22,797 [Worker-0: Loading available Gradle versions] INFO  o.e.b.c.i.u.g.PublishedGradleVersions - Gradle version information cache is up-to-date. Trying to read.
2022-04-27 09:31:33,350 [Worker-10: Building] WARN  o.e.m.c.i.embedder.EclipseLogger - Using platform encoding (Cp1252 actually) to copy filtered resources, i.e. build is platform dependent!
2022-04-27 09:31:33,367 [Worker-10: Building] INFO  o.e.m.c.i.embedder.EclipseLogger - skip non existing resourceDirectory C:\Users\fce458\Documents\Apps\SVI\eclipse-workspace\dh\dh-dev-helper\src\main\resources
2022-04-27 09:31:33,370 [Worker-10: Building] WARN  o.e.m.c.i.embedder.EclipseLogger - Using platform encoding (Cp1252 actually) to copy filtered resources, i.e. build is platform dependent!
2022-04-27 09:31:33,391 [Worker-10: Building] INFO  o.e.m.c.i.embedder.EclipseLogger - skip non existing resourceDirectory C:\Users\fce458\Documents\Apps\SVI\eclipse-workspace\dh\dh-dev-helper\src\test\resources
2022-04-27 09:37:33,469 [Worker-4: Loading available Gradle versions] INFO  o.e.b.c.i.u.g.PublishedGradleVersions - Gradle version information cache is up-to-date. Trying to read.
2022-04-27 09:38:20,801 [Worker-2: Loading available Gradle versions] INFO  o.e.b.c.i.u.g.PublishedGradleVersions - Gradle version information cache is up-to-date. Trying to read.
2022-04-27 09:39:03,296 [Worker-4: Loading available Gradle versions] INFO  o.e.b.c.i.u.g.PublishedGradleVersions - Gradle version information cache is up-to-date. Trying to read.
2022-04-27 09:39:54,488 [Worker-3: Loading available Gradle versions] INFO  o.e.b.c.i.u.g.PublishedGradleVersions - Gradle version information cache is up-to-date. Trying to read.
2022-04-27 10:33:44,698 [Worker-12: Launching FrmMain] WARN  o.e.m.c.i.embedder.EclipseLogger - Using platform encoding (Cp1252 actually) to copy filtered resources, i.e. build is platform dependent!
2022-04-27 10:33:44,722 [Worker-12: Launching FrmMain] INFO  o.e.m.c.i.embedder.EclipseLogger - skip non existing resourceDirectory C:\Users\fce458\Documents\Apps\SVI\eclipse-workspace\dh\dh-dev-helper\src\main\resources
2022-04-27 10:33:44,723 [Worker-12: Launching FrmMain] WARN  o.e.m.c.i.embedder.EclipseLogger - Using platform encoding (Cp1252 actually) to copy filtered resources, i.e. build is platform dependent!
2022-04-27 10:33:44,739 [Worker-12: Launching FrmMain] INFO  o.e.m.c.i.embedder.EclipseLogger - skip non existing resourceDirectory C:\Users\fce458\Documents\Apps\SVI\eclipse-workspace\dh\dh-dev-helper\src\test\resources
2022-04-27 10:35:20,018 [Worker-18: Building] INFO  o.e.m.c.i.l.LifecycleMappingFactory - Using org.eclipse.m2e.jdt.JarLifecycleMapping lifecycle mapping for MavenProject: dh-dev-helper:dh-dev-helper:0.0.1-SNAPSHOT @ C:\Users\fce458\Documents\Apps\SVI\eclipse-workspace\dh\dh-dev-helper\pom.xml.
2022-04-27 10:35:20,383 [Worker-18: Building] WARN  o.e.m.c.i.embedder.EclipseLogger - Using platform encoding (Cp1252 actually) to copy filtered resources, i.e. build is platform dependent!
2022-04-27 10:35:20,400 [Worker-18: Building] INFO  o.e.m.c.i.embedder.EclipseLogger - skip non existing resourceDirectory C:\Users\fce458\Documents\Apps\SVI\eclipse-workspace\dh\dh-dev-helper\src\main\resources
2022-04-27 10:35:20,402 [Worker-18: Building] WARN  o.e.m.c.i.embedder.EclipseLogger - Using platform encoding (Cp1252 actually) to copy filtered resources, i.e. build is platform dependent!
2022-04-27 10:35:20,419 [Worker-18: Building] INFO  o.e.m.c.i.embedder.EclipseLogger - skip non existing resourceDirectory C:\Users\fce458\Documents\Apps\SVI\eclipse-workspace\dh\dh-dev-helper\src\test\resources
2022-04-27 10:35:22,077 [Worker-19: Building] WARN  o.e.m.c.i.embedder.EclipseLogger - Using platform encoding (Cp1252 actually) to copy filtered resources, i.e. build is platform dependent!
2022-04-27 10:35:22,099 [Worker-19: Building] INFO  o.e.m.c.i.embedder.EclipseLogger - skip non existing resourceDirectory C:\Users\fce458\Documents\Apps\SVI\eclipse-workspace\dh\dh-dev-helper\src\main\resources
2022-04-27 10:35:22,102 [Worker-19: Building] WARN  o.e.m.c.i.embedder.EclipseLogger - Using platform encoding (Cp1252 actually) to copy filtered resources, i.e. build is platform dependent!
2022-04-27 10:35:22,123 [Worker-19: Building] INFO  o.e.m.c.i.embedder.EclipseLogger - skip non existing resourceDirectory C:\Users\fce458\Documents\Apps\SVI\eclipse-workspace\dh\dh-dev-helper\src\test\resources
2022-04-27 12:28:30,986 [Worker-6: Building] WARN  o.e.m.c.i.embedder.EclipseLogger - Using platform encoding (Cp1252 actually) to copy filtered resources, i.e. build is platform dependent!
2022-04-27 12:28:30,998 [Worker-6: Building] INFO  o.e.m.c.i.embedder.EclipseLogger - skip non existing resourceDirectory C:\Users\fce458\Documents\Apps\SVI\eclipse-workspace\dh\dh-dev-helper\src\main\resources
2022-04-27 12:28:31,000 [Worker-6: Building] WARN  o.e.m.c.i.embedder.EclipseLogger - Using platform encoding (Cp1252 actually) to copy filtered resources, i.e. build is platform dependent!
2022-04-27 12:28:31,006 [Worker-6: Building] INFO  o.e.m.c.i.embedder.EclipseLogger - skip non existing resourceDirectory C:\Users\fce458\Documents\Apps\SVI\eclipse-workspace\dh\dh-dev-helper\src\test\resources
2022-04-27 12:28:45,129 [Worker-10: Building] WARN  o.e.m.c.i.embedder.EclipseLogger - Using platform encoding (Cp1252 actually) to copy filtered resources, i.e. build is platform dependent!
2022-04-27 12:28:45,138 [Worker-10: Building] INFO  o.e.m.c.i.embedder.EclipseLogger - skip non existing resourceDirectory C:\Users\fce458\Documents\Apps\SVI\eclipse-workspace\dh\dh-dev-helper\src\main\resources
2022-04-27 12:28:45,142 [Worker-10: Building] WARN  o.e.m.c.i.embedder.EclipseLogger - Using platform encoding (Cp1252 actually) to copy filtered resources, i.e. build is platform dependent!
2022-04-27 12:28:45,151 [Worker-10: Building] INFO  o.e.m.c.i.embedder.EclipseLogger - skip non existing resourceDirectory C:\Users\fce458\Documents\Apps\SVI\eclipse-workspace\dh\dh-dev-helper\src\test\resources
2022-05-02 08:39:47,795 [Worker-10: Building] WARN  o.e.m.c.i.embedder.EclipseLogger - Using platform encoding (Cp1252 actually) to copy filtered resources, i.e. build is platform dependent!
2022-05-02 08:39:47,806 [Worker-10: Building] INFO  o.e.m.c.i.embedder.EclipseLogger - skip non existing resourceDirectory C:\Users\fce458\Documents\Apps\SVI\eclipse-workspace\dh\dh-dev-helper\src\main\resources
2022-05-02 08:39:47,809 [Worker-10: Building] WARN  o.e.m.c.i.embedder.EclipseLogger - Using platform encoding (Cp1252 actually) to copy filtered resources, i.e. build is platform dependent!
2022-05-02 08:39:47,813 [Worker-10: Building] INFO  o.e.m.c.i.embedder.EclipseLogger - skip non existing resourceDirectory C:\Users\fce458\Documents\Apps\SVI\eclipse-workspace\dh\dh-dev-helper\src\test\resources
2022-05-02 08:46:44,191 [Worker-10: Building] WARN  o.e.m.c.i.embedder.EclipseLogger - Using platform encoding (Cp1252 actually) to copy filtered resources, i.e. build is platform dependent!
2022-05-02 08:46:44,197 [Worker-10: Building] INFO  o.e.m.c.i.embedder.EclipseLogger - skip non existing resourceDirectory C:\Users\fce458\Documents\Apps\SVI\eclipse-workspace\dh\dh-dev-helper\src\main\resources
2022-05-02 08:46:44,198 [Worker-10: Building] WARN  o.e.m.c.i.embedder.EclipseLogger - Using platform encoding (Cp1252 actually) to copy filtered resources, i.e. build is platform dependent!
2022-05-02 08:46:44,206 [Worker-10: Building] INFO  o.e.m.c.i.embedder.EclipseLogger - skip non existing resourceDirectory C:\Users\fce458\Documents\Apps\SVI\eclipse-workspace\dh\dh-dev-helper\src\test\resources
2022-05-02 09:36:16,081 [Worker-29: Building] WARN  o.e.m.c.i.embedder.EclipseLogger - Using platform encoding (Cp1252 actually) to copy filtered resources, i.e. build is platform dependent!
2022-05-02 09:36:16,088 [Worker-29: Building] INFO  o.e.m.c.i.embedder.EclipseLogger - skip non existing resourceDirectory C:\Users\fce458\Documents\Apps\SVI\eclipse-workspace\dh\dh-dev-helper\src\main\resources
2022-05-02 09:36:16,090 [Worker-29: Building] WARN  o.e.m.c.i.embedder.EclipseLogger - Using platform encoding (Cp1252 actually) to copy filtered resources, i.e. build is platform dependent!
2022-05-02 09:36:16,096 [Worker-29: Building] INFO  o.e.m.c.i.embedder.EclipseLogger - skip non existing resourceDirectory C:\Users\fce458\Documents\Apps\SVI\eclipse-workspace\dh\dh-dev-helper\src\test\resources
2022-05-02 09:54:05,924 [Worker-10: Building] WARN  o.e.m.c.i.embedder.EclipseLogger - Using platform encoding (Cp1252 actually) to copy filtered resources, i.e. build is platform dependent!
2022-05-02 09:54:05,936 [Worker-10: Building] INFO  o.e.m.c.i.embedder.EclipseLogger - skip non existing resourceDirectory C:\Users\fce458\Documents\Apps\SVI\eclipse-workspace\dh\dh-dev-helper\src\main\resources
2022-05-02 09:54:05,938 [Worker-10: Building] WARN  o.e.m.c.i.embedder.EclipseLogger - Using platform encoding (Cp1252 actually) to copy filtered resources, i.e. build is platform dependent!
2022-05-02 09:54:05,945 [Worker-10: Building] INFO  o.e.m.c.i.embedder.EclipseLogger - skip non existing resourceDirectory C:\Users\fce458\Documents\Apps\SVI\eclipse-workspace\dh\dh-dev-helper\src\test\resources
2022-05-02 10:28:08,029 [Worker-22: Building] WARN  o.e.m.c.i.embedder.EclipseLogger - Using platform encoding (Cp1252 actually) to copy filtered resources, i.e. build is platform dependent!
2022-05-02 10:28:08,037 [Worker-22: Building] INFO  o.e.m.c.i.embedder.EclipseLogger - skip non existing resourceDirectory C:\Users\fce458\Documents\Apps\SVI\eclipse-workspace\dh\dh-dev-helper\src\main\resources
2022-05-02 10:28:08,038 [Worker-22: Building] WARN  o.e.m.c.i.embedder.EclipseLogger - Using platform encoding (Cp1252 actually) to copy filtered resources, i.e. build is platform dependent!
2022-05-02 10:28:08,043 [Worker-22: Building] INFO  o.e.m.c.i.embedder.EclipseLogger - skip non existing resourceDirectory C:\Users\fce458\Documents\Apps\SVI\eclipse-workspace\dh\dh-dev-helper\src\test\resources
2022-05-02 10:29:39,913 [Worker-23: Building] WARN  o.e.m.c.i.embedder.EclipseLogger - Using platform encoding (Cp1252 actually) to copy filtered resources, i.e. build is platform dependent!
2022-05-02 10:29:39,921 [Worker-23: Building] INFO  o.e.m.c.i.embedder.EclipseLogger - skip non existing resourceDirectory C:\Users\fce458\Documents\Apps\SVI\eclipse-workspace\dh\dh-dev-helper\src\main\resources
2022-05-02 10:29:39,929 [Worker-23: Building] WARN  o.e.m.c.i.embedder.EclipseLogger - Using platform encoding (Cp1252 actually) to copy filtered resources, i.e. build is platform dependent!
2022-05-02 10:29:39,936 [Worker-23: Building] INFO  o.e.m.c.i.embedder.EclipseLogger - skip non existing resourceDirectory C:\Users\fce458\Documents\Apps\SVI\eclipse-workspace\dh\dh-dev-helper\src\test\resources
2022-05-02 10:32:45,894 [Worker-26: Building] WARN  o.e.m.c.i.embedder.EclipseLogger - Using platform encoding (Cp1252 actually) to copy filtered resources, i.e. build is platform dependent!
2022-05-02 10:32:45,904 [Worker-26: Building] INFO  o.e.m.c.i.embedder.EclipseLogger - skip non existing resourceDirectory C:\Users\fce458\Documents\Apps\SVI\eclipse-workspace\dh\dh-dev-helper\src\main\resources
2022-05-02 10:32:45,907 [Worker-26: Building] WARN  o.e.m.c.i.embedder.EclipseLogger - Using platform encoding (Cp1252 actually) to copy filtered resources, i.e. build is platform dependent!
2022-05-02 10:32:45,916 [Worker-26: Building] INFO  o.e.m.c.i.embedder.EclipseLogger - skip non existing resourceDirectory C:\Users\fce458\Documents\Apps\SVI\eclipse-workspace\dh\dh-dev-helper\src\test\resources
2022-05-02 10:38:27,017 [Worker-24: Building] WARN  o.e.m.c.i.embedder.EclipseLogger - Using platform encoding (Cp1252 actually) to copy filtered resources, i.e. build is platform dependent!
2022-05-02 10:38:27,023 [Worker-24: Building] INFO  o.e.m.c.i.embedder.EclipseLogger - skip non existing resourceDirectory C:\Users\fce458\Documents\Apps\SVI\eclipse-workspace\dh\dh-dev-helper\src\main\resources
2022-05-02 10:38:27,025 [Worker-24: Building] WARN  o.e.m.c.i.embedder.EclipseLogger - Using platform encoding (Cp1252 actually) to copy filtered resources, i.e. build is platform dependent!
2022-05-02 10:38:27,031 [Worker-24: Building] INFO  o.e.m.c.i.embedder.EclipseLogger - skip non existing resourceDirectory C:\Users\fce458\Documents\Apps\SVI\eclipse-workspace\dh\dh-dev-helper\src\test\resources
2022-05-02 10:48:42,024 [Worker-27: Building] WARN  o.e.m.c.i.embedder.EclipseLogger - Using platform encoding (Cp1252 actually) to copy filtered resources, i.e. build is platform dependent!
2022-05-02 10:48:42,029 [Worker-27: Building] INFO  o.e.m.c.i.embedder.EclipseLogger - skip non existing resourceDirectory C:\Users\fce458\Documents\Apps\SVI\eclipse-workspace\dh\dh-dev-helper\src\main\resources
2022-05-02 10:48:42,031 [Worker-27: Building] WARN  o.e.m.c.i.embedder.EclipseLogger - Using platform encoding (Cp1252 actually) to copy filtered resources, i.e. build is platform dependent!
2022-05-02 10:48:42,036 [Worker-27: Building] INFO  o.e.m.c.i.embedder.EclipseLogger - skip non existing resourceDirectory C:\Users\fce458\Documents\Apps\SVI\eclipse-workspace\dh\dh-dev-helper\src\test\resources
2022-05-02 10:54:44,098 [Worker-30: Building] WARN  o.e.m.c.i.embedder.EclipseLogger - Using platform encoding (Cp1252 actually) to copy filtered resources, i.e. build is platform dependent!
2022-05-02 10:54:44,107 [Worker-30: Building] INFO  o.e.m.c.i.embedder.EclipseLogger - skip non existing resourceDirectory C:\Users\fce458\Documents\Apps\SVI\eclipse-workspace\dh\dh-dev-helper\src\main\resources
2022-05-02 10:54:44,109 [Worker-30: Building] WARN  o.e.m.c.i.embedder.EclipseLogger - Using platform encoding (Cp1252 actually) to copy filtered resources, i.e. build is platform dependent!
2022-05-02 10:54:44,116 [Worker-30: Building] INFO  o.e.m.c.i.embedder.EclipseLogger - skip non existing resourceDirectory C:\Users\fce458\Documents\Apps\SVI\eclipse-workspace\dh\dh-dev-helper\src\test\resources
2022-05-02 10:55:35,168 [Worker-32: Building] WARN  o.e.m.c.i.embedder.EclipseLogger - Using platform encoding (Cp1252 actually) to copy filtered resources, i.e. build is platform dependent!
2022-05-02 10:55:35,176 [Worker-32: Building] INFO  o.e.m.c.i.embedder.EclipseLogger - skip non existing resourceDirectory C:\Users\fce458\Documents\Apps\SVI\eclipse-workspace\dh\dh-dev-helper\src\main\resources
2022-05-02 10:55:35,179 [Worker-32: Building] WARN  o.e.m.c.i.embedder.EclipseLogger - Using platform encoding (Cp1252 actually) to copy filtered resources, i.e. build is platform dependent!
2022-05-02 10:55:35,187 [Worker-32: Building] INFO  o.e.m.c.i.embedder.EclipseLogger - skip non existing resourceDirectory C:\Users\fce458\Documents\Apps\SVI\eclipse-workspace\dh\dh-dev-helper\src\test\resources
2022-05-02 10:57:48,151 [Worker-32: Building] WARN  o.e.m.c.i.embedder.EclipseLogger - Using platform encoding (Cp1252 actually) to copy filtered resources, i.e. build is platform dependent!
2022-05-02 10:57:48,160 [Worker-32: Building] INFO  o.e.m.c.i.embedder.EclipseLogger - skip non existing resourceDirectory C:\Users\fce458\Documents\Apps\SVI\eclipse-workspace\dh\dh-dev-helper\src\main\resources
2022-05-02 10:57:48,162 [Worker-32: Building] WARN  o.e.m.c.i.embedder.EclipseLogger - Using platform encoding (Cp1252 actually) to copy filtered resources, i.e. build is platform dependent!
2022-05-02 10:57:48,168 [Worker-32: Building] INFO  o.e.m.c.i.embedder.EclipseLogger - skip non existing resourceDirectory C:\Users\fce458\Documents\Apps\SVI\eclipse-workspace\dh\dh-dev-helper\src\test\resources
2022-05-02 10:58:10,054 [Worker-32: Building] WARN  o.e.m.c.i.embedder.EclipseLogger - Using platform encoding (Cp1252 actually) to copy filtered resources, i.e. build is platform dependent!
2022-05-02 10:58:10,062 [Worker-32: Building] INFO  o.e.m.c.i.embedder.EclipseLogger - skip non existing resourceDirectory C:\Users\fce458\Documents\Apps\SVI\eclipse-workspace\dh\dh-dev-helper\src\main\resources
2022-05-02 10:58:10,064 [Worker-32: Building] WARN  o.e.m.c.i.embedder.EclipseLogger - Using platform encoding (Cp1252 actually) to copy filtered resources, i.e. build is platform dependent!
2022-05-02 10:58:10,071 [Worker-32: Building] INFO  o.e.m.c.i.embedder.EclipseLogger - skip non existing resourceDirectory C:\Users\fce458\Documents\Apps\SVI\eclipse-workspace\dh\dh-dev-helper\src\test\resources
2022-05-02 10:59:58,493 [Worker-31: Building] WARN  o.e.m.c.i.embedder.EclipseLogger - Using platform encoding (Cp1252 actually) to copy filtered resources, i.e. build is platform dependent!
2022-05-02 10:59:58,501 [Worker-31: Building] INFO  o.e.m.c.i.embedder.EclipseLogger - skip non existing resourceDirectory C:\Users\fce458\Documents\Apps\SVI\eclipse-workspace\dh\dh-dev-helper\src\main\resources
2022-05-02 10:59:58,504 [Worker-31: Building] WARN  o.e.m.c.i.embedder.EclipseLogger - Using platform encoding (Cp1252 actually) to copy filtered resources, i.e. build is platform dependent!
2022-05-02 10:59:58,511 [Worker-31: Building] INFO  o.e.m.c.i.embedder.EclipseLogger - skip non existing resourceDirectory C:\Users\fce458\Documents\Apps\SVI\eclipse-workspace\dh\dh-dev-helper\src\test\resources
2022-05-02 11:02:33,169 [Worker-34: Building] WARN  o.e.m.c.i.embedder.EclipseLogger - Using platform encoding (Cp1252 actually) to copy filtered resources, i.e. build is platform dependent!
2022-05-02 11:02:33,194 [Worker-34: Building] INFO  o.e.m.c.i.embedder.EclipseLogger - skip non existing resourceDirectory C:\Users\fce458\Documents\Apps\SVI\eclipse-workspace\dh\dh-dev-helper\src\main\resources
2022-05-02 11:02:33,196 [Worker-34: Building] WARN  o.e.m.c.i.embedder.EclipseLogger - Using platform encoding (Cp1252 actually) to copy filtered resources, i.e. build is platform dependent!
2022-05-02 11:02:33,202 [Worker-34: Building] INFO  o.e.m.c.i.embedder.EclipseLogger - skip non existing resourceDirectory C:\Users\fce458\Documents\Apps\SVI\eclipse-workspace\dh\dh-dev-helper\src\test\resources
2022-05-02 11:04:38,756 [Worker-31: Building] WARN  o.e.m.c.i.embedder.EclipseLogger - Using platform encoding (Cp1252 actually) to copy filtered resources, i.e. build is platform dependent!
2022-05-02 11:04:38,761 [Worker-31: Building] INFO  o.e.m.c.i.embedder.EclipseLogger - skip non existing resourceDirectory C:\Users\fce458\Documents\Apps\SVI\eclipse-workspace\dh\dh-dev-helper\src\main\resources
2022-05-02 11:04:38,762 [Worker-31: Building] WARN  o.e.m.c.i.embedder.EclipseLogger - Using platform encoding (Cp1252 actually) to copy filtered resources, i.e. build is platform dependent!
2022-05-02 11:04:38,768 [Worker-31: Building] INFO  o.e.m.c.i.embedder.EclipseLogger - skip non existing resourceDirectory C:\Users\fce458\Documents\Apps\SVI\eclipse-workspace\dh\dh-dev-helper\src\test\resources
2022-05-02 11:04:44,286 [Worker-34: Building] WARN  o.e.m.c.i.embedder.EclipseLogger - Using platform encoding (Cp1252 actually) to copy filtered resources, i.e. build is platform dependent!
2022-05-02 11:04:44,294 [Worker-34: Building] INFO  o.e.m.c.i.embedder.EclipseLogger - skip non existing resourceDirectory C:\Users\fce458\Documents\Apps\SVI\eclipse-workspace\dh\dh-dev-helper\src\main\resources
2022-05-02 11:04:44,296 [Worker-34: Building] WARN  o.e.m.c.i.embedder.EclipseLogger - Using platform encoding (Cp1252 actually) to copy filtered resources, i.e. build is platform dependent!
2022-05-02 11:04:44,304 [Worker-34: Building] INFO  o.e.m.c.i.embedder.EclipseLogger - skip non existing resourceDirectory C:\Users\fce458\Documents\Apps\SVI\eclipse-workspace\dh\dh-dev-helper\src\test\resources
2022-05-02 11:24:01,707 [Worker-37: Building] WARN  o.e.m.c.i.embedder.EclipseLogger - Using platform encoding (Cp1252 actually) to copy filtered resources, i.e. build is platform dependent!
2022-05-02 11:24:01,716 [Worker-37: Building] INFO  o.e.m.c.i.embedder.EclipseLogger - skip non existing resourceDirectory C:\Users\fce458\Documents\Apps\SVI\eclipse-workspace\dh\dh-dev-helper\src\main\resources
2022-05-02 11:24:01,718 [Worker-37: Building] WARN  o.e.m.c.i.embedder.EclipseLogger - Using platform encoding (Cp1252 actually) to copy filtered resources, i.e. build is platform dependent!
2022-05-02 11:24:01,724 [Worker-37: Building] INFO  o.e.m.c.i.embedder.EclipseLogger - skip non existing resourceDirectory C:\Users\fce458\Documents\Apps\SVI\eclipse-workspace\dh\dh-dev-helper\src\test\resources
2022-05-02 11:31:05,430 [Worker-39: Building] WARN  o.e.m.c.i.embedder.EclipseLogger - Using platform encoding (Cp1252 actually) to copy filtered resources, i.e. build is platform dependent!
2022-05-02 11:31:05,435 [Worker-39: Building] INFO  o.e.m.c.i.embedder.EclipseLogger - skip non existing resourceDirectory C:\Users\fce458\Documents\Apps\SVI\eclipse-workspace\dh\dh-dev-helper\src\main\resources
2022-05-02 11:31:05,437 [Worker-39: Building] WARN  o.e.m.c.i.embedder.EclipseLogger - Using platform encoding (Cp1252 actually) to copy filtered resources, i.e. build is platform dependent!
2022-05-02 11:31:05,442 [Worker-39: Building] INFO  o.e.m.c.i.embedder.EclipseLogger - skip non existing resourceDirectory C:\Users\fce458\Documents\Apps\SVI\eclipse-workspace\dh\dh-dev-helper\src\test\resources
2022-05-02 11:32:09,660 [Worker-39: Building] WARN  o.e.m.c.i.embedder.EclipseLogger - Using platform encoding (Cp1252 actually) to copy filtered resources, i.e. build is platform dependent!
2022-05-02 11:32:09,666 [Worker-39: Building] INFO  o.e.m.c.i.embedder.EclipseLogger - skip non existing resourceDirectory C:\Users\fce458\Documents\Apps\SVI\eclipse-workspace\dh\dh-dev-helper\src\main\resources
2022-05-02 11:32:09,668 [Worker-39: Building] WARN  o.e.m.c.i.embedder.EclipseLogger - Using platform encoding (Cp1252 actually) to copy filtered resources, i.e. build is platform dependent!
2022-05-02 11:32:09,673 [Worker-39: Building] INFO  o.e.m.c.i.embedder.EclipseLogger - skip non existing resourceDirectory C:\Users\fce458\Documents\Apps\SVI\eclipse-workspace\dh\dh-dev-helper\src\test\resources
2022-05-02 11:35:05,487 [Worker-42: Building] WARN  o.e.m.c.i.embedder.EclipseLogger - Using platform encoding (Cp1252 actually) to copy filtered resources, i.e. build is platform dependent!
2022-05-02 11:35:05,496 [Worker-42: Building] INFO  o.e.m.c.i.embedder.EclipseLogger - skip non existing resourceDirectory C:\Users\fce458\Documents\Apps\SVI\eclipse-workspace\dh\dh-dev-helper\src\main\resources
2022-05-02 11:35:05,497 [Worker-42: Building] WARN  o.e.m.c.i.embedder.EclipseLogger - Using platform encoding (Cp1252 actually) to copy filtered resources, i.e. build is platform dependent!
2022-05-02 11:35:05,507 [Worker-42: Building] INFO  o.e.m.c.i.embedder.EclipseLogger - skip non existing resourceDirectory C:\Users\fce458\Documents\Apps\SVI\eclipse-workspace\dh\dh-dev-helper\src\test\resources
2022-05-02 11:55:52,740 [Worker-45: Building] WARN  o.e.m.c.i.embedder.EclipseLogger - Using platform encoding (Cp1252 actually) to copy filtered resources, i.e. build is platform dependent!
2022-05-02 11:55:52,746 [Worker-45: Building] INFO  o.e.m.c.i.embedder.EclipseLogger - skip non existing resourceDirectory C:\Users\fce458\Documents\Apps\SVI\eclipse-workspace\dh\dh-dev-helper\src\main\resources
2022-05-02 11:55:52,747 [Worker-45: Building] WARN  o.e.m.c.i.embedder.EclipseLogger - Using platform encoding (Cp1252 actually) to copy filtered resources, i.e. build is platform dependent!
2022-05-02 11:55:52,752 [Worker-45: Building] INFO  o.e.m.c.i.embedder.EclipseLogger - skip non existing resourceDirectory C:\Users\fce458\Documents\Apps\SVI\eclipse-workspace\dh\dh-dev-helper\src\test\resources
2022-05-02 11:58:23,040 [Worker-46: Building] WARN  o.e.m.c.i.embedder.EclipseLogger - Using platform encoding (Cp1252 actually) to copy filtered resources, i.e. build is platform dependent!
2022-05-02 11:58:23,049 [Worker-46: Building] INFO  o.e.m.c.i.embedder.EclipseLogger - skip non existing resourceDirectory C:\Users\fce458\Documents\Apps\SVI\eclipse-workspace\dh\dh-dev-helper\src\main\resources
2022-05-02 11:58:23,051 [Worker-46: Building] WARN  o.e.m.c.i.embedder.EclipseLogger - Using platform encoding (Cp1252 actually) to copy filtered resources, i.e. build is platform dependent!
2022-05-02 11:58:23,060 [Worker-46: Building] INFO  o.e.m.c.i.embedder.EclipseLogger - skip non existing resourceDirectory C:\Users\fce458\Documents\Apps\SVI\eclipse-workspace\dh\dh-dev-helper\src\test\resources
2022-05-02 12:00:58,402 [Worker-45: Building] WARN  o.e.m.c.i.embedder.EclipseLogger - Using platform encoding (Cp1252 actually) to copy filtered resources, i.e. build is platform dependent!
2022-05-02 12:00:58,408 [Worker-45: Building] INFO  o.e.m.c.i.embedder.EclipseLogger - skip non existing resourceDirectory C:\Users\fce458\Documents\Apps\SVI\eclipse-workspace\dh\dh-dev-helper\src\main\resources
2022-05-02 12:00:58,409 [Worker-45: Building] WARN  o.e.m.c.i.embedder.EclipseLogger - Using platform encoding (Cp1252 actually) to copy filtered resources, i.e. build is platform dependent!
2022-05-02 12:00:58,415 [Worker-45: Building] INFO  o.e.m.c.i.embedder.EclipseLogger - skip non existing resourceDirectory C:\Users\fce458\Documents\Apps\SVI\eclipse-workspace\dh\dh-dev-helper\src\test\resources
2022-05-02 12:02:01,497 [Worker-41: Building] WARN  o.e.m.c.i.embedder.EclipseLogger - Using platform encoding (Cp1252 actually) to copy filtered resources, i.e. build is platform dependent!
2022-05-02 12:02:01,506 [Worker-41: Building] INFO  o.e.m.c.i.embedder.EclipseLogger - skip non existing resourceDirectory C:\Users\fce458\Documents\Apps\SVI\eclipse-workspace\dh\dh-dev-helper\src\main\resources
2022-05-02 12:02:01,508 [Worker-41: Building] WARN  o.e.m.c.i.embedder.EclipseLogger - Using platform encoding (Cp1252 actually) to copy filtered resources, i.e. build is platform dependent!
2022-05-02 12:02:01,515 [Worker-41: Building] INFO  o.e.m.c.i.embedder.EclipseLogger - skip non existing resourceDirectory C:\Users\fce458\Documents\Apps\SVI\eclipse-workspace\dh\dh-dev-helper\src\test\resources
2022-05-02 12:02:29,035 [Worker-44: Building] WARN  o.e.m.c.i.embedder.EclipseLogger - Using platform encoding (Cp1252 actually) to copy filtered resources, i.e. build is platform dependent!
2022-05-02 12:02:29,058 [Worker-44: Building] INFO  o.e.m.c.i.embedder.EclipseLogger - skip non existing resourceDirectory C:\Users\fce458\Documents\Apps\SVI\eclipse-workspace\dh\dh-dev-helper\src\main\resources
2022-05-02 12:02:29,059 [Worker-44: Building] WARN  o.e.m.c.i.embedder.EclipseLogger - Using platform encoding (Cp1252 actually) to copy filtered resources, i.e. build is platform dependent!
2022-05-02 12:02:29,066 [Worker-44: Building] INFO  o.e.m.c.i.embedder.EclipseLogger - skip non existing resourceDirectory C:\Users\fce458\Documents\Apps\SVI\eclipse-workspace\dh\dh-dev-helper\src\test\resources
2022-05-02 12:02:45,349 [Worker-46: Building] WARN  o.e.m.c.i.embedder.EclipseLogger - Using platform encoding (Cp1252 actually) to copy filtered resources, i.e. build is platform dependent!
2022-05-02 12:02:45,356 [Worker-46: Building] INFO  o.e.m.c.i.embedder.EclipseLogger - skip non existing resourceDirectory C:\Users\fce458\Documents\Apps\SVI\eclipse-workspace\dh\dh-dev-helper\src\main\resources
2022-05-02 12:02:45,358 [Worker-46: Building] WARN  o.e.m.c.i.embedder.EclipseLogger - Using platform encoding (Cp1252 actually) to copy filtered resources, i.e. build is platform dependent!
2022-05-02 12:02:45,364 [Worker-46: Building] INFO  o.e.m.c.i.embedder.EclipseLogger - skip non existing resourceDirectory C:\Users\fce458\Documents\Apps\SVI\eclipse-workspace\dh\dh-dev-helper\src\test\resources
2022-05-02 12:05:47,751 [Worker-41: Building] WARN  o.e.m.c.i.embedder.EclipseLogger - Using platform encoding (Cp1252 actually) to copy filtered resources, i.e. build is platform dependent!
2022-05-02 12:05:47,760 [Worker-41: Building] INFO  o.e.m.c.i.embedder.EclipseLogger - skip non existing resourceDirectory C:\Users\fce458\Documents\Apps\SVI\eclipse-workspace\dh\dh-dev-helper\src\main\resources
2022-05-02 12:05:47,761 [Worker-41: Building] WARN  o.e.m.c.i.embedder.EclipseLogger - Using platform encoding (Cp1252 actually) to copy filtered resources, i.e. build is platform dependent!
2022-05-02 12:05:47,773 [Worker-41: Building] INFO  o.e.m.c.i.embedder.EclipseLogger - skip non existing resourceDirectory C:\Users\fce458\Documents\Apps\SVI\eclipse-workspace\dh\dh-dev-helper\src\test\resources
2022-05-02 12:09:27,271 [Worker-49: Launching FrmMain] WARN  o.e.m.c.i.embedder.EclipseLogger - Using platform encoding (Cp1252 actually) to copy filtered resources, i.e. build is platform dependent!
2022-05-02 12:09:27,280 [Worker-49: Launching FrmMain] INFO  o.e.m.c.i.embedder.EclipseLogger - skip non existing resourceDirectory C:\Users\fce458\Documents\Apps\SVI\eclipse-workspace\dh\dh-dev-helper\src\main\resources
2022-05-02 12:09:27,282 [Worker-49: Launching FrmMain] WARN  o.e.m.c.i.embedder.EclipseLogger - Using platform encoding (Cp1252 actually) to copy filtered resources, i.e. build is platform dependent!
2022-05-02 12:09:27,291 [Worker-49: Launching FrmMain] INFO  o.e.m.c.i.embedder.EclipseLogger - skip non existing resourceDirectory C:\Users\fce458\Documents\Apps\SVI\eclipse-workspace\dh\dh-dev-helper\src\test\resources
2022-05-02 12:09:52,081 [Worker-51: Launching FrmMain] WARN  o.e.m.c.i.embedder.EclipseLogger - Using platform encoding (Cp1252 actually) to copy filtered resources, i.e. build is platform dependent!
2022-05-02 12:09:52,090 [Worker-51: Launching FrmMain] INFO  o.e.m.c.i.embedder.EclipseLogger - skip non existing resourceDirectory C:\Users\fce458\Documents\Apps\SVI\eclipse-workspace\dh\dh-dev-helper\src\main\resources
2022-05-02 12:09:52,092 [Worker-51: Launching FrmMain] WARN  o.e.m.c.i.embedder.EclipseLogger - Using platform encoding (Cp1252 actually) to copy filtered resources, i.e. build is platform dependent!
2022-05-02 12:09:52,102 [Worker-51: Launching FrmMain] INFO  o.e.m.c.i.embedder.EclipseLogger - skip non existing resourceDirectory C:\Users\fce458\Documents\Apps\SVI\eclipse-workspace\dh\dh-dev-helper\src\test\resources
2022-05-02 12:11:08,675 [Worker-44: Building] WARN  o.e.m.c.i.embedder.EclipseLogger - Using platform encoding (Cp1252 actually) to copy filtered resources, i.e. build is platform dependent!
2022-05-02 12:11:08,685 [Worker-44: Building] INFO  o.e.m.c.i.embedder.EclipseLogger - skip non existing resourceDirectory C:\Users\fce458\Documents\Apps\SVI\eclipse-workspace\dh\dh-dev-helper\src\main\resources
2022-05-02 12:11:08,686 [Worker-44: Building] WARN  o.e.m.c.i.embedder.EclipseLogger - Using platform encoding (Cp1252 actually) to copy filtered resources, i.e. build is platform dependent!
2022-05-02 12:11:08,695 [Worker-44: Building] INFO  o.e.m.c.i.embedder.EclipseLogger - skip non existing resourceDirectory C:\Users\fce458\Documents\Apps\SVI\eclipse-workspace\dh\dh-dev-helper\src\test\resources
2022-05-02 12:16:03,883 [Worker-54: Building] WARN  o.e.m.c.i.embedder.EclipseLogger - Using platform encoding (Cp1252 actually) to copy filtered resources, i.e. build is platform dependent!
2022-05-02 12:16:03,893 [Worker-54: Building] INFO  o.e.m.c.i.embedder.EclipseLogger - skip non existing resourceDirectory C:\Users\fce458\Documents\Apps\SVI\eclipse-workspace\dh\dh-dev-helper\src\main\resources
2022-05-02 12:16:03,894 [Worker-54: Building] WARN  o.e.m.c.i.embedder.EclipseLogger - Using platform encoding (Cp1252 actually) to copy filtered resources, i.e. build is platform dependent!
2022-05-02 12:16:03,901 [Worker-54: Building] INFO  o.e.m.c.i.embedder.EclipseLogger - skip non existing resourceDirectory C:\Users\fce458\Documents\Apps\SVI\eclipse-workspace\dh\dh-dev-helper\src\test\resources
